<?xml version="1.0" encoding="UTF-8"?>
<testng-results ignored="0" total="1" passed="1" failed="0" skipped="0">
  <reporter-output>
  </reporter-output>
  <suite started-at="2021-10-05T06:55:55 PDT" name="Suite" finished-at="2021-10-05T06:56:03 PDT" duration-ms="7612">
    <groups>
    </groups>
    <test started-at="2021-10-05T06:55:55 PDT" name="Test" finished-at="2021-10-05T06:56:03 PDT" duration-ms="7612">
      <class name="webapp.TopicServlet.NewTest">
        <test-method is-config="true" signature="beforeTest()[pri:0, instance:webapp.TopicServlet.NewTest@662b4c69]" started-at="2021-10-05T06:55:55 PDT" name="beforeTest" finished-at="2021-10-05T06:55:58 PDT" duration-ms="3171" status="PASS">
          <reporter-output>
          </reporter-output>
        </test-method> <!-- beforeTest -->
        <test-method signature="checkTitle()[pri:0, instance:webapp.TopicServlet.NewTest@662b4c69]" started-at="2021-10-05T06:55:58 PDT" name="checkTitle" finished-at="2021-10-05T06:55:59 PDT" duration-ms="679" status="PASS">
          <reporter-output>
          </reporter-output>
        </test-method> <!-- checkTitle -->
        <test-method is-config="true" signature="afterTest()[pri:0, instance:webapp.TopicServlet.NewTest@662b4c69]" started-at="2021-10-05T06:55:59 PDT" name="afterTest" finished-at="2021-10-05T06:56:03 PDT" duration-ms="3704" status="PASS">
          <reporter-output>
          </reporter-output>
        </test-method> <!-- afterTest -->
      </class> <!-- webapp.TopicServlet.NewTest -->
    </test> <!-- Test -->
  </suite> <!-- Suite -->
</testng-results>
